<?xml version="1.0" encoding="UTF-8"?>
<testng-results ignored="0" total="1" passed="1" failed="0" skipped="0">
  <reporter-output>
  </reporter-output>
  <suite started-at="2022-08-16T09:29:13Z" name="Default suite" finished-at="2022-08-16T09:29:24Z" duration-ms="11913">
    <groups>
    </groups>
    <test started-at="2022-08-16T09:29:13Z" name="Default test" finished-at="2022-08-16T09:29:24Z" duration-ms="11913">
      <class name="organize.OrganizationTest">
        <test-method signature="OrganizationTest()[pri:0, instance:organize.OrganizationTest@6f19ac19]" started-at="2022-08-16T09:29:13Z" name="OrganizationTest" finished-at="2022-08-16T09:29:24Z" duration-ms="11863" status="PASS">
          <reporter-output>
          </reporter-output>
        </test-method> <!-- OrganizationTest -->
      </class> <!-- organize.OrganizationTest -->
    </test> <!-- Default test -->
  </suite> <!-- Default suite -->
</testng-results>
